<?xml version="1.0" encoding="UTF-8"?>
<!-- Generated by org.testng.reporters.JUnitReportReporter -->
<testsuite hostname="BINTERNS-QA30L" failures="0" tests="4" name="testfile.profile$shaddilogin" time="4.166" errors="0" timestamp="2023-05-10T11:33:15 IST" skipped="0">
  <testcase classname="testfile.profile$shaddilogin" name="clicklogin" time="0.073"/>
  <system-out/>
  <testcase classname="testfile.profile$shaddilogin" name="clickEmailid" time="0.103"/>
  <system-out/>
  <testcase classname="testfile.profile$shaddilogin" name="Password" time="0.084"/>
  <system-out/>
  <testcase classname="testfile.profile$shaddilogin" name="loginnn" time="3.906"/>
  <system-out/>
</testsuite> <!-- testfile.profile$shaddilogin -->
