<?xml version="1.0" encoding="UTF-8"?>
<!-- Generated by org.testng.reporters.JUnitReportReporter -->
<testsuite hostname="BINTERNS-QA30L" failures="0" tests="10" name="testfile.addtocartrealme" time="101.230" errors="0" timestamp="2023-05-16T18:20:01 IST" skipped="0">
  <testcase classname="testfile.addtocartrealme" name="Brand" time="10.117"/>
  <system-out/>
  <testcase classname="testfile.addtocartrealme" name="App" time="10.078"/>
  <system-out/>
  <testcase classname="testfile.addtocartrealme" name="Bulkorders" time="10.093"/>
  <system-out/>
  <testcase classname="testfile.addtocartrealme" name="Community" time="10.094"/>
  <system-out/>
  <testcase classname="testfile.addtocartrealme" name="Support" time="10.110"/>
  <system-out/>
  <testcase classname="testfile.addtocartrealme" name="realmestores" time="10.154"/>
  <system-out/>
  <testcase classname="testfile.addtocartrealme" name="realmeow" time="10.090"/>
  <system-out/>
  <testcase classname="testfile.addtocartrealme" name="UI4" time="10.103"/>
  <system-out/>
  <testcase classname="testfile.addtocartrealme" name="G4" time="10.123"/>
  <system-out/>
  <testcase classname="testfile.addtocartrealme" name="realmesmartphones" time="10.268"/>
  <system-out/>
</testsuite> <!-- testfile.addtocartrealme -->
