<?xml version="1.0" encoding="UTF-8"?>
<!-- Generated by org.testng.reporters.JUnitReportReporter -->
<testsuite hostname="BINTERNS-QA30L" failures="0" tests="17" name="testfile.shaddilogin" time="10.171" errors="0" timestamp="2023-05-10T11:40:23 IST" skipped="0">
  <testcase classname="testfile.shaddilogin" name="logologinvisible" time="0.037"/>
  <system-out/>
  <testcase classname="testfile.shaddilogin" name="clicklogologin" time="0.067"/>
  <system-out/>
  <testcase classname="testfile.shaddilogin" name="SignUpFree" time="0.048"/>
  <system-out/>
  <testcase classname="testfile.shaddilogin" name="Myself" time="1.128"/>
  <system-out/>
  <testcase classname="testfile.shaddilogin" name="Female" time="0.186"/>
  <system-out/>
  <testcase classname="testfile.shaddilogin" name="Firstname" time="0.766"/>
  <system-out/>
  <testcase classname="testfile.shaddilogin" name="Lastname" time="0.094"/>
  <system-out/>
  <testcase classname="testfile.shaddilogin" name="Day" time="0.057"/>
  <system-out/>
  <testcase classname="testfile.shaddilogin" name="Month" time="0.037"/>
  <system-out/>
  <testcase classname="testfile.shaddilogin" name="Year" time="0.046"/>
  <system-out/>
  <testcase classname="testfile.shaddilogin" name="Continue" time="0.045"/>
  <system-out/>
  <testcase classname="testfile.shaddilogin" name="Religion" time="0.126"/>
  <system-out/>
  <testcase classname="testfile.shaddilogin" name="Community" time="6.172"/>
  <system-out/>
  <testcase classname="testfile.shaddilogin" name="Continues" time="0.394"/>
  <system-out/>
  <testcase classname="testfile.shaddilogin" name="EmailID" time="0.140"/>
  <system-out/>
  <testcase classname="testfile.shaddilogin" name="Mobilenumber" time="0.111"/>
  <system-out/>
  <testcase classname="testfile.shaddilogin" name="Submit" time="0.717"/>
  <system-out/>
</testsuite> <!-- testfile.shaddilogin -->
