<?xml version="1.0" encoding="UTF-8"?>
<!-- Generated by org.testng.reporters.JUnitReportReporter -->
<testsuite hostname="BINTERNS-QA30L" failures="0" tests="2" name="pages.HrmsTest2" time="69.290" errors="0" timestamp="2023-05-19T11:35:46 IST" skipped="0">
  <testcase classname="pages.HrmsTest2" name="loginfunctionality" time="16.360"/>
  <system-out/>
  <testcase classname="pages.HrmsTest2" name="newuserfunctionality" time="52.930"/>
  <system-out/>
</testsuite> <!-- pages.HrmsTest2 -->
