<?xml version="1.0" encoding="UTF-8"?>
<!-- Generated by org.testng.reporters.JUnitReportReporter -->
<testsuite hostname="BINTERNS-QA30L" failures="0" tests="14" name="testfile.realmeproj" time="93.278" errors="0" timestamp="2023-05-22T16:01:07 IST" skipped="0">
  <testcase classname="testfile.realmeproj" name="AccessoriesandLifestyle" time="0.235"/>
  <system-out/>
  <testcase classname="testfile.realmeproj" name="Searchicon" time="7.214"/>
  <system-out/>
  <testcase classname="testfile.realmeproj" name="realmewatch3pro" time="7.517"/>
  <system-out/>
  <testcase classname="testfile.realmeproj" name="realmewatch3" time="7.129"/>
  <system-out/>
  <testcase classname="testfile.realmeproj" name="Black" time="4.080"/>
  <system-out/>
  <testcase classname="testfile.realmeproj" name="pincode" time="4.127"/>
  <system-out/>
  <testcase classname="testfile.realmeproj" name="Accept" time="4.077"/>
  <system-out/>
  <testcase classname="testfile.realmeproj" name="Notify_Me" time="4.097"/>
  <system-out/>
  <testcase classname="testfile.realmeproj" name="phonenumber" time="11.587"/>
  <system-out/>
  <testcase classname="testfile.realmeproj" name="passward" time="5.122"/>
  <system-out/>
  <testcase classname="testfile.realmeproj" name="Signinpassword" time="20.109"/>
  <system-out/>
  <testcase classname="testfile.realmeproj" name="CART" time="6.123"/>
  <system-out/>
  <testcase classname="testfile.realmeproj" name="RealMeNarzo" time="11.754"/>
  <system-out/>
  <testcase classname="testfile.realmeproj" name="AddCartNajro" time="0.107"/>
  <system-out/>
</testsuite> <!-- testfile.realmeproj -->
