<?xml version="1.0" encoding="UTF-8"?>
<!-- Generated by org.testng.reporters.JUnitReportReporter -->
<testsuite hostname="BINTERNS-QA30L" failures="0" tests="7" name="testfile.HrmsTest" time="100.558" errors="0" timestamp="2023-05-17T18:51:14 IST" skipped="0">
  <testcase classname="testfile.HrmsTest" name="loginfunctionality" time="37.670"/>
  <system-out/>
  <testcase classname="testfile.HrmsTest" name="infomodulefunctionality" time="10.409"/>
  <system-out/>
  <testcase classname="testfile.HrmsTest" name="infomodulefunctionality2" time="9.713"/>
  <system-out/>
  <testcase classname="testfile.HrmsTest" name="infomodulefunctionality3" time="9.361"/>
  <system-out/>
  <testcase classname="testfile.HrmsTest" name="infomodulefunctionality4" time="11.110"/>
  <system-out/>
  <testcase classname="testfile.HrmsTest" name="infomodulefunctionality5" time="10.763"/>
  <system-out/>
  <testcase classname="testfile.HrmsTest" name="infomodulefunctionality6" time="11.532"/>
  <system-out/>
</testsuite> <!-- testfile.HrmsTest -->
